17:04:44: Creating resource group General
17:04:44: Creating resource group Internal
17:04:44: Creating resource group Autodetect
17:04:44: SceneManagerFactory for type 'DefaultSceneManager' registered.
17:04:44: Registering ResourceManager for type Material
17:04:44: Registering ResourceManager for type Mesh
17:04:44: Registering ResourceManager for type Skeleton
17:04:44: MovableObjectFactory for type 'ParticleSystem' registered.
17:04:44: OverlayElementFactory for type Panel registered.
17:04:44: OverlayElementFactory for type BorderPanel registered.
17:04:44: OverlayElementFactory for type TextArea registered.
17:04:44: Registering ResourceManager for type Font
17:04:44: ArchiveFactory for archive type FileSystem registered.
17:04:44: ArchiveFactory for archive type Zip registered.
17:04:44: DDS codec registering
17:04:44: FreeImage version: 3.13.1
17:04:44: This program uses FreeImage, a free, open source image library supporting all common bitmap formats. See http://freeimage.sourceforge.net for details
17:04:44: Supported formats: bmp,ico,jpg,jif,jpeg,jpe,jng,koa,iff,lbm,mng,pbm,pbm,pcd,pcx,pgm,pgm,png,ppm,ppm,ras,tga,targa,tif,tiff,wap,wbmp,wbm,psd,cut,xbm,xpm,gif,hdr,g3,sgi,exr,j2k,j2c,jp2,pfm,pct,pict,pic,bay,bmq,cr2,crw,cs1,dc2,dcr,dng,erf,fff,hdr,k25,kdc,mdc,mos,mrw,nef,orf,pef,pxn,raf,raw,rdc,sr2,srf,arw,3fr,cine,ia,kc2,mef,nrw,qtk,rw2,sti,drf,dsc,ptx,cap,iiq,rwz
17:04:44: Registering ResourceManager for type HighLevelGpuProgram
17:04:44: Registering ResourceManager for type Compositor
17:04:44: MovableObjectFactory for type 'Entity' registered.
17:04:44: MovableObjectFactory for type 'Light' registered.
17:04:44: MovableObjectFactory for type 'BillboardSet' registered.
17:04:44: MovableObjectFactory for type 'ManualObject' registered.
17:04:44: MovableObjectFactory for type 'BillboardChain' registered.
17:04:44: MovableObjectFactory for type 'RibbonTrail' registered.
17:04:44: Loading library Plugins\RenderSystem_GL.dll
17:04:44: Installing plugin: GL RenderSystem
17:04:44: OpenGL Rendering Subsystem created.
17:04:44: Plugin successfully installed
17:04:44: Loading library Plugins\RenderSystem_Direct3D9.dll
17:04:44: Installing plugin: D3D9 RenderSystem
17:04:44: D3D9 : Direct3D9 Rendering Subsystem created.
17:04:44: D3D9: Driver Detection Starts
17:04:44: D3D9: Driver Detection Ends
17:04:44: Plugin successfully installed
17:04:44: Loading library Plugins\Plugin_ParticleFX.dll
17:04:44: Installing plugin: ParticleFX
17:04:44: Particle Emitter Type 'Point' registered
17:04:44: Particle Emitter Type 'Box' registered
17:04:44: Particle Emitter Type 'Ellipsoid' registered
17:04:44: Particle Emitter Type 'Cylinder' registered
17:04:44: Particle Emitter Type 'Ring' registered
17:04:44: Particle Emitter Type 'HollowEllipsoid' registered
17:04:44: Particle Affector Type 'LinearForce' registered
17:04:44: Particle Affector Type 'ColourFader' registered
17:04:44: Particle Affector Type 'ColourFader2' registered
17:04:44: Particle Affector Type 'ColourImage' registered
17:04:44: Particle Affector Type 'ColourInterpolator' registered
17:04:44: Particle Affector Type 'Scaler' registered
17:04:44: Particle Affector Type 'Rotator' registered
17:04:44: Particle Affector Type 'DirectionRandomiser' registered
17:04:44: Particle Affector Type 'DeflectorPlane' registered
17:04:44: Plugin successfully installed
17:04:44: Loading library Plugins\Plugin_BSPSceneManager.dll
17:04:44: Installing plugin: BSP Scene Manager
17:04:44: Plugin successfully installed
17:04:44: Loading library Plugins\Plugin_OctreeSceneManager.dll
17:04:44: Installing plugin: Octree & Terrain Scene Manager
17:04:44: Plugin successfully installed
17:04:44: Loading library Plugins\Plugin_CgProgramManager.dll
17:04:44: Installing plugin: Cg Program Manager
17:04:44: Plugin successfully installed
17:04:44: Loading library Plugins\OgreOggSound.dll
17:04:44: Installing plugin: OgreOggSound
17:04:44: MovableObjectFactory for type 'OgreOggISound' registered.
17:04:44: Plugin successfully installed
17:04:44: Loading library Plugins\Plugin_OctreeZone.dll
17:04:44: Installing plugin: Octree Zone Factory
17:04:44: Plugin successfully installed
17:04:44: Loading library Plugins\Plugin_PCZSceneManager.dll
17:04:44: Installing plugin: Portal Connected Zone Scene Manager
17:04:44: PCZone Factory Type 'ZoneType_Default' registered
17:04:44: Plugin successfully installed
17:04:44: *-*-* OGRE Initialising
17:04:44: *-*-* Version 1.7.2 (Cthugha)
17:04:44: D3D9 : RenderSystem Option: Allow NVPerfHUD = No
17:04:44: D3D9 : RenderSystem Option: FSAA = 0
17:04:44: D3D9 : RenderSystem Option: Floating-point mode = Fastest
17:04:44: D3D9 : RenderSystem Option: Full Screen = No
17:04:44: D3D9 : RenderSystem Option: Rendering Device = Monitor-1-ATI Radeon HD 5670
17:04:44: D3D9 : RenderSystem Option: Resource Creation Policy = Create on all devices
17:04:44: D3D9 : RenderSystem Option: VSync = No
17:04:44: D3D9 : RenderSystem Option: VSync Interval = 1
17:04:44: D3D9 : RenderSystem Option: Video Mode = 1680 x 1050 @ 32-bit colour
17:04:44: D3D9 : RenderSystem Option: sRGB Gamma Conversion = No
17:04:45: CPU Identifier & Features
17:04:45: -------------------------
17:04:45:  *   CPU ID: AuthenticAMD: AMD Athlon(tm) II X2 240 Processor
17:04:45:  *      SSE: yes
17:04:45:  *     SSE2: yes
17:04:45:  *     SSE3: yes
17:04:45:  *      MMX: yes
17:04:45:  *   MMXEXT: yes
17:04:45:  *    3DNOW: yes
17:04:45:  * 3DNOWEXT: yes
17:04:45:  *     CMOV: yes
17:04:45:  *      TSC: yes
17:04:45:  *      FPU: yes
17:04:45:  *      PRO: yes
17:04:45:  *       HT: no
17:04:45: -------------------------
17:04:45: D3D9 : Subsystem Initialising
17:04:45: Registering ResourceManager for type Texture
17:04:45: Registering ResourceManager for type GpuProgram
17:04:45: ***************************************
17:04:45: *** D3D9 : Subsystem Initialised OK ***
17:04:45: ***************************************
17:04:45: D3D9RenderSystem::_createRenderWindow "PyOgre through PyGame", 800x600 windowed  miscParams: externalWindowHandle=11274478 
17:04:45: D3D9 : Created D3D9 Rendering Window 'PyOgre through PyGame' : 800x600, 32bpp
17:04:45: D3D9 : WARNING - disabling VSync in windowed mode can cause timing issues at lower frame rates, turn VSync on if you observe this problem.
17:04:45: D3D9: Vertex texture format supported - PF_L8
17:04:45: D3D9: Vertex texture format supported - PF_L16
17:04:45: D3D9: Vertex texture format supported - PF_A8
17:04:45: D3D9: Vertex texture format supported - PF_A4L4
17:04:45: D3D9: Vertex texture format supported - PF_BYTE_LA
17:04:45: D3D9: Vertex texture format supported - PF_R5G6B5
17:04:45: D3D9: Vertex texture format supported - PF_B5G6R5
17:04:45: D3D9: Vertex texture format supported - PF_A4R4G4B4
17:04:45: D3D9: Vertex texture format supported - PF_A1R5G5B5
17:04:45: D3D9: Vertex texture format supported - PF_A8R8G8B8
17:04:45: D3D9: Vertex texture format supported - PF_B8G8R8A8
17:04:45: D3D9: Vertex texture format supported - PF_A2R10G10B10
17:04:45: D3D9: Vertex texture format supported - PF_A2B10G10R10
17:04:45: D3D9: Vertex texture format supported - PF_DXT1
17:04:45: D3D9: Vertex texture format supported - PF_DXT2
17:04:45: D3D9: Vertex texture format supported - PF_DXT3
17:04:45: D3D9: Vertex texture format supported - PF_DXT4
17:04:45: D3D9: Vertex texture format supported - PF_DXT5
17:04:45: D3D9: Vertex texture format supported - PF_FLOAT16_RGB
17:04:45: D3D9: Vertex texture format supported - PF_FLOAT16_RGBA
17:04:45: D3D9: Vertex texture format supported - PF_FLOAT32_RGB
17:04:45: D3D9: Vertex texture format supported - PF_FLOAT32_RGBA
17:04:45: D3D9: Vertex texture format supported - PF_X8R8G8B8
17:04:45: D3D9: Vertex texture format supported - PF_X8B8G8R8
17:04:45: D3D9: Vertex texture format supported - PF_R8G8B8A8
17:04:45: D3D9: Vertex texture format supported - PF_DEPTH
17:04:45: D3D9: Vertex texture format supported - PF_SHORT_RGBA
17:04:45: D3D9: Vertex texture format supported - PF_FLOAT16_R
17:04:45: D3D9: Vertex texture format supported - PF_FLOAT32_R
17:04:45: D3D9: Vertex texture format supported - PF_SHORT_GR
17:04:45: D3D9: Vertex texture format supported - PF_FLOAT16_GR
17:04:45: D3D9: Vertex texture format supported - PF_FLOAT32_GR
17:04:45: D3D9: Vertex texture format supported - PF_SHORT_RGB
17:04:45: D3D9: Vertex texture format supported - PF_PVRTC_RGB2
17:04:45: D3D9: Vertex texture format supported - PF_PVRTC_RGBA2
17:04:45: D3D9: Vertex texture format supported - PF_PVRTC_RGB4
17:04:45: D3D9: Vertex texture format supported - PF_PVRTC_RGBA4
17:04:45: RenderSystem capabilities
17:04:45: -------------------------
17:04:45: RenderSystem Name: Direct3D9 Rendering Subsystem
17:04:45: GPU Vendor: ati
17:04:45: Device Name: Monitor-1-ATI Radeon HD 5670
17:04:45: Driver Version: 8.17.10.1094
17:04:45:  * Fixed function pipeline: yes
17:04:45:  * Hardware generation of mipmaps: yes
17:04:45:  * Texture blending: yes
17:04:45:  * Anisotropic texture filtering: yes
17:04:45:  * Dot product texture operation: yes
17:04:45:  * Cube mapping: yes
17:04:45:  * Hardware stencil buffer: yes
17:04:45:    - Stencil depth: 8
17:04:45:    - Two sided stencil support: yes
17:04:45:    - Wrap stencil values: yes
17:04:45:  * Hardware vertex / index buffers: yes
17:04:45:  * Vertex programs: yes
17:04:45:  * Number of floating-point constants for vertex programs: 256
17:04:45:  * Number of integer constants for vertex programs: 16
17:04:45:  * Number of boolean constants for vertex programs: 16
17:04:45:  * Fragment programs: yes
17:04:45:  * Number of floating-point constants for fragment programs: 224
17:04:45:  * Number of integer constants for fragment programs: 16
17:04:45:  * Number of boolean constants for fragment programs: 16
17:04:45:  * Geometry programs: no
17:04:45:  * Number of floating-point constants for geometry programs: 0
17:04:45:  * Number of integer constants for geometry programs: 0
17:04:45:  * Number of boolean constants for geometry programs: 0
17:04:45:  * Supported Shader Profiles: hlsl ps_1_1 ps_1_2 ps_1_3 ps_1_4 ps_2_0 ps_2_a ps_2_b ps_2_x ps_3_0 vs_1_1 vs_2_0 vs_2_a vs_2_x vs_3_0
17:04:45:  * Texture Compression: yes
17:04:45:    - DXT: yes
17:04:45:    - VTC: no
17:04:45:    - PVRTC: no
17:04:45:  * Scissor Rectangle: yes
17:04:45:  * Hardware Occlusion Query: yes
17:04:45:  * User clip planes: yes
17:04:45:  * VET_UBYTE4 vertex element type: yes
17:04:45:  * Infinite far plane projection: yes
17:04:45:  * Hardware render-to-texture: yes
17:04:45:  * Floating point textures: yes
17:04:45:  * Non-power-of-two textures: yes
17:04:45:  * Volume textures: yes
17:04:45:  * Multiple Render Targets: 4
17:04:45:    - With different bit depths: yes
17:04:45:  * Point Sprites: yes
17:04:45:  * Extended point parameters: yes
17:04:45:  * Max Point Size: 10
17:04:45:  * Vertex texture fetch: yes
17:04:45:  * Number of world matrices: 0
17:04:45:  * Number of texture units: 8
17:04:45:  * Stencil buffer depth: 8
17:04:45:  * Number of vertex blend matrices: 0
17:04:45:    - Max vertex textures: 4
17:04:45:    - Vertex textures shared: no
17:04:45:  * Render to Vertex Buffer : no
17:04:45:  * DirectX per stage constants: yes
17:04:45: DefaultWorkQueue('Root') initialising on thread 006C0C98.
17:04:45: Particle Renderer Type 'billboard' registered
17:04:45: DefaultWorkQueue('Root')::WorkerFunc - thread 006B49D0 starting.
17:04:45: DefaultWorkQueue('Root')::WorkerFunc - thread 006B49A0 starting.
17:04:45: SceneManagerFactory for type 'BspSceneManager' registered.
17:04:45: Registering ResourceManager for type BspLevel
17:04:45: SceneManagerFactory for type 'OctreeSceneManager' registered.
17:04:45: SceneManagerFactory for type 'TerrainSceneManager' registered.
17:04:45: PCZone Factory Type 'ZoneType_Octree' registered
17:04:45: PCZone Factory Type 'ZoneType_Terrain' registered
17:04:45: SceneManagerFactory for type 'PCZSceneManager' registered.
17:04:45: MovableObjectFactory for type 'PCZLight' registered.
17:04:45: MovableObjectFactory for type 'Portal' registered.
17:04:45: MovableObjectFactory for type 'AntiPortal' registered.
17:04:45: Creating resource group Bootstrap
17:04:45: Added resource location 'Media/packs/OgreCore.zip' of type 'Zip' to resource group 'Bootstrap'
17:04:45: Added resource location 'Media' of type 'FileSystem' to resource group 'General'
17:04:45: Added resource location 'Media/Materials/Scripts' of type 'FileSystem' to resource group 'General'
17:04:45: Added resource location 'Media/Materials/Textures' of type 'FileSystem' to resource group 'General'
17:04:45: Added resource location 'Media/Models' of type 'FileSystem' to resource group 'General'
17:04:45: Added resource location 'Media/Packs' of type 'FileSystem' to resource group 'General'
17:04:45: Added resource location 'Media_extra' of type 'FileSystem' to resource group 'General'
17:04:45: Parsing scripts for resource group Autodetect
17:04:45: Finished parsing scripts for resource group Autodetect
17:04:45: Parsing scripts for resource group Bootstrap
17:04:45: Parsing script OgreCore.material
17:04:45: Parsing script OgreProfiler.material
17:04:45: Parsing script Ogre.fontdef
17:04:45: Parsing script OgreDebugPanel.overlay
17:04:45: Texture: New_Ogre_Border_Center.png: Loading 1 faces(PF_A8R8G8B8,256x128x1) with  hardware generated mipmaps from Image. Internal format is PF_A8R8G8B8,256x128x1.
17:04:45: Texture: New_Ogre_Border.png: Loading 1 faces(PF_A8R8G8B8,256x256x1) with  hardware generated mipmaps from Image. Internal format is PF_A8R8G8B8,256x256x1.
17:04:45: Texture: New_Ogre_Border_Break.png: Loading 1 faces(PF_A8R8G8B8,32x32x1) with  hardware generated mipmaps from Image. Internal format is PF_A8R8G8B8,32x32x1.
17:04:45: Texture: ogretext.png: Loading 1 faces(PF_A8R8G8B8,256x128x1) with  hardware generated mipmaps from Image. Internal format is PF_A8R8G8B8,256x128x1.
17:04:45: Parsing script OgreLoadingPanel.overlay
17:04:45: Finished parsing scripts for resource group Bootstrap
17:04:45: Parsing scripts for resource group General
17:04:45: Parsing script BlackAndWhite.material
17:04:45: Compiler error: reference to a non existing object in BlackAndWhite.material(17)
17:04:45: OGRE EXCEPTION(6:FileNotFoundException): Cannot locate resource GrayScale.cg in resource group General or any other group. in ResourceGroupManager::openResource at .\src\OgreResourceGroupManager.cpp (line 753)
17:04:45: High-level program Ogre/Compositor/B&W_FP encountered an error during loading and is thus not supported.
OGRE EXCEPTION(6:FileNotFoundException): Cannot locate resource GrayScale.cg in resource group General or any other group. in ResourceGroupManager::openResource at .\src\OgreResourceGroupManager.cpp (line 753)
17:04:45: Parsing script Example-Water.material
17:04:45: Parsing script Example.material
17:04:45: Compiler error: reference to a non existing object in Example.material(211)
17:04:45: OGRE EXCEPTION(6:FileNotFoundException): Cannot locate resource hdr.cg in resource group General or any other group. in ResourceGroupManager::openResource at .\src\OgreResourceGroupManager.cpp (line 753)
17:04:45: High-level program Examples/MorningSkyBoxHDRfp encountered an error during loading and is thus not supported.
OGRE EXCEPTION(6:FileNotFoundException): Cannot locate resource hdr.cg in resource group General or any other group. in ResourceGroupManager::openResource at .\src\OgreResourceGroupManager.cpp (line 753)
17:04:45: OGRE EXCEPTION(6:FileNotFoundException): Cannot locate resource hdr.cg in resource group General or any other group. in ResourceGroupManager::openResource at .\src\OgreResourceGroupManager.cpp (line 753)
17:04:45: High-level program Examples/MorningCubeMapHDRfp encountered an error during loading and is thus not supported.
OGRE EXCEPTION(6:FileNotFoundException): Cannot locate resource hdr.cg in resource group General or any other group. in ResourceGroupManager::openResource at .\src\OgreResourceGroupManager.cpp (line 753)
17:04:45: Compiler error: reference to a non existing object in Example.material(711)
17:04:45: Compiler error: reference to a non existing object in Example.material(723)
17:04:45: OGRE EXCEPTION(6:FileNotFoundException): Cannot locate resource Grass.cg in resource group General or any other group. in ResourceGroupManager::openResource at .\src\OgreResourceGroupManager.cpp (line 753)
17:04:45: High-level program Examples/GrassWaverVp encountered an error during loading and is thus not supported.
OGRE EXCEPTION(6:FileNotFoundException): Cannot locate resource Grass.cg in resource group General or any other group. in ResourceGroupManager::openResource at .\src\OgreResourceGroupManager.cpp (line 753)
17:04:45: Compiler error: reference to a non existing object in Example.material(858)
17:04:45: Compiler error: reference to a non existing object in Example.material(893)
17:04:45: Compiler error: reference to a non existing object in Example.material(1001)
17:04:45: Compiler error: reference to a non existing object in Example.material(1013)
17:04:45: Parsing script Examples-Advanced.material
17:04:45: OGRE EXCEPTION(6:FileNotFoundException): Cannot locate resource Example_CelShading.cg in resource group General or any other group. in ResourceGroupManager::openResource at .\src\OgreResourceGroupManager.cpp (line 753)
17:04:45: High-level program Ogre/CelShadingVP encountered an error during loading and is thus not supported.
OGRE EXCEPTION(6:FileNotFoundException): Cannot locate resource Example_CelShading.cg in resource group General or any other group. in ResourceGroupManager::openResource at .\src\OgreResourceGroupManager.cpp (line 753)
17:04:45: OGRE EXCEPTION(2:InvalidParametersException): Named constants have not been initialised, perhaps a compile error. in GpuProgramParameters::_findNamedConstantDefinition at .\src\OgreGpuProgramParams.cpp (line 1423)
17:04:45: Compiler error: invalid parameters in Examples-Advanced.material(12): setting of constant failed
17:04:45: OGRE EXCEPTION(2:InvalidParametersException): Named constants have not been initialised, perhaps a compile error. in GpuProgramParameters::_findNamedConstantDefinition at .\src\OgreGpuProgramParams.cpp (line 1423)
17:04:45: Compiler error: invalid parameters in Examples-Advanced.material(13): setting of constant failed
17:04:45: OGRE EXCEPTION(2:InvalidParametersException): Named constants have not been initialised, perhaps a compile error. in GpuProgramParameters::_findNamedConstantDefinition at .\src\OgreGpuProgramParams.cpp (line 1423)
17:04:45: Compiler error: invalid parameters in Examples-Advanced.material(14): setting of constant failed
17:04:45: OGRE EXCEPTION(2:InvalidParametersException): Named constants have not been initialised, perhaps a compile error. in GpuProgramParameters::_findNamedConstantDefinition at .\src\OgreGpuProgramParams.cpp (line 1423)
17:04:45: Compiler error: invalid parameters in Examples-Advanced.material(15): setting of constant failed
17:04:45: OGRE EXCEPTION(6:FileNotFoundException): Cannot locate resource Example_CelShading.cg in resource group General or any other group. in ResourceGroupManager::openResource at .\src\OgreResourceGroupManager.cpp (line 753)
17:04:45: High-level program Ogre/CelShadingFP encountered an error during loading and is thus not supported.
OGRE EXCEPTION(6:FileNotFoundException): Cannot locate resource Example_CelShading.cg in resource group General or any other group. in ResourceGroupManager::openResource at .\src\OgreResourceGroupManager.cpp (line 753)
17:04:45: OGRE EXCEPTION(6:FileNotFoundException): Cannot locate resource Example_BumpMapping.cg in resource group General or any other group. in ResourceGroupManager::openResource at .\src\OgreResourceGroupManager.cpp (line 753)
17:04:45: High-level program Examples/BumpMapVP encountered an error during loading and is thus not supported.
OGRE EXCEPTION(6:FileNotFoundException): Cannot locate resource Example_BumpMapping.cg in resource group General or any other group. in ResourceGroupManager::openResource at .\src\OgreResourceGroupManager.cpp (line 753)
17:04:45: OGRE EXCEPTION(6:FileNotFoundException): Cannot locate resource Example_BumpMapping.cg in resource group General or any other group. in ResourceGroupManager::openResource at .\src\OgreResourceGroupManager.cpp (line 753)
17:04:45: High-level program Examples/BumpMapFP encountered an error during loading and is thus not supported.
OGRE EXCEPTION(6:FileNotFoundException): Cannot locate resource Example_BumpMapping.cg in resource group General or any other group. in ResourceGroupManager::openResource at .\src\OgreResourceGroupManager.cpp (line 753)
17:04:45: Compiler error: reference to a non existing object in Examples-Advanced.material(229)
17:04:45: Compiler error: reference to a non existing object in Examples-Advanced.material(288)
17:04:45: Compiler error: reference to a non existing object in Examples-Advanced.material(319)
17:04:45: Compiler error: reference to a non existing object in Examples-Advanced.material(371)
17:04:45: Compiler error: reference to a non existing object in Examples-Advanced.material(407)
17:04:45: OGRE EXCEPTION(6:FileNotFoundException): Cannot locate resource Example_BumpMapping.cg in resource group General or any other group. in ResourceGroupManager::openResource at .\src\OgreResourceGroupManager.cpp (line 753)
17:04:45: High-level program Examples/BumpMapVPSpecular encountered an error during loading and is thus not supported.
OGRE EXCEPTION(6:FileNotFoundException): Cannot locate resource Example_BumpMapping.cg in resource group General or any other group. in ResourceGroupManager::openResource at .\src\OgreResourceGroupManager.cpp (line 753)
17:04:45: OGRE EXCEPTION(6:FileNotFoundException): Cannot locate resource Example_BumpMapping.cg in resource group General or any other group. in ResourceGroupManager::openResource at .\src\OgreResourceGroupManager.cpp (line 753)
17:04:45: High-level program Examples/BumpMapFPSpecular encountered an error during loading and is thus not supported.
OGRE EXCEPTION(6:FileNotFoundException): Cannot locate resource Example_BumpMapping.cg in resource group General or any other group. in ResourceGroupManager::openResource at .\src\OgreResourceGroupManager.cpp (line 753)
17:04:45: Compiler error: reference to a non existing object in Examples-Advanced.material(472)
17:04:45: Compiler error: reference to a non existing object in Examples-Advanced.material(503)
17:04:45: Compiler error: reference to a non existing object in Examples-Advanced.material(555)
17:04:45: OGRE EXCEPTION(6:FileNotFoundException): Cannot locate resource Example_Projection.cg in resource group General or any other group. in ResourceGroupManager::openResource at .\src\OgreResourceGroupManager.cpp (line 753)
17:04:46: High-level program Examples/TexProjectionVP encountered an error during loading and is thus not supported.
OGRE EXCEPTION(6:FileNotFoundException): Cannot locate resource Example_Projection.cg in resource group General or any other group. in ResourceGroupManager::openResource at .\src\OgreResourceGroupManager.cpp (line 753)
17:04:46: OGRE EXCEPTION(6:FileNotFoundException): Cannot locate resource Example_Projection.cg in resource group General or any other group. in ResourceGroupManager::openResource at .\src\OgreResourceGroupManager.cpp (line 753)
17:04:46: High-level program Examples/TexProjectionFP encountered an error during loading and is thus not supported.
OGRE EXCEPTION(6:FileNotFoundException): Cannot locate resource Example_Projection.cg in resource group General or any other group. in ResourceGroupManager::openResource at .\src\OgreResourceGroupManager.cpp (line 753)
17:04:46: OGRE EXCEPTION(6:FileNotFoundException): Cannot locate resource Example_Fresnel.cg in resource group General or any other group. in ResourceGroupManager::openResource at .\src\OgreResourceGroupManager.cpp (line 753)
17:04:46: High-level program Examples/FresnelRefractReflectVP encountered an error during loading and is thus not supported.
OGRE EXCEPTION(6:FileNotFoundException): Cannot locate resource Example_Fresnel.cg in resource group General or any other group. in ResourceGroupManager::openResource at .\src\OgreResourceGroupManager.cpp (line 753)
17:04:46: OGRE EXCEPTION(6:FileNotFoundException): Cannot locate resource Example_Fresnel.cg in resource group General or any other group. in ResourceGroupManager::openResource at .\src\OgreResourceGroupManager.cpp (line 753)
17:04:46: High-level program Examples/FresnelRefractReflectFP encountered an error during loading and is thus not supported.
OGRE EXCEPTION(6:FileNotFoundException): Cannot locate resource Example_Fresnel.cg in resource group General or any other group. in ResourceGroupManager::openResource at .\src\OgreResourceGroupManager.cpp (line 753)
17:04:46: Compiler error: reference to a non existing object in Examples-Advanced.material(785)
17:04:46: OGRE EXCEPTION(6:FileNotFoundException): Cannot locate resource Example_BumpMapping.cg in resource group General or any other group. in ResourceGroupManager::openResource at .\src\OgreResourceGroupManager.cpp (line 753)
17:04:46: High-level program Examples/BumpMapVPShadowRcv encountered an error during loading and is thus not supported.
OGRE EXCEPTION(6:FileNotFoundException): Cannot locate resource Example_BumpMapping.cg in resource group General or any other group. in ResourceGroupManager::openResource at .\src\OgreResourceGroupManager.cpp (line 753)
17:04:46: OGRE EXCEPTION(6:FileNotFoundException): Cannot locate resource Example_BumpMapping.cg in resource group General or any other group. in ResourceGroupManager::openResource at .\src\OgreResourceGroupManager.cpp (line 753)
17:04:46: High-level program Examples/BumpMapFPShadowRcv encountered an error during loading and is thus not supported.
OGRE EXCEPTION(6:FileNotFoundException): Cannot locate resource Example_BumpMapping.cg in resource group General or any other group. in ResourceGroupManager::openResource at .\src\OgreResourceGroupManager.cpp (line 753)
17:04:46: Compiler error: reference to a non existing object in Examples-Advanced.material(858)
17:04:46: Compiler error: reference to a non existing object in Examples-Advanced.material(889)
17:04:46: Compiler error: reference to a non existing object in Examples-Advanced.material(941)
17:04:46: Compiler error: reference to a non existing object in Examples-Advanced.material(998)
17:04:46: Compiler error: reference to a non existing object in Examples-Advanced.material(1063)
17:04:46: Compiler error: reference to a non existing object in Examples-Advanced.material(1094)
17:04:46: Compiler error: reference to a non existing object in Examples-Advanced.material(1146)
17:04:46: Parsing script Glass.material
17:04:46: Compiler error: reference to a non existing object in Glass.material(16)
17:04:46: OGRE EXCEPTION(6:FileNotFoundException): Cannot locate resource GlassFP.cg in resource group General or any other group. in ResourceGroupManager::openResource at .\src\OgreResourceGroupManager.cpp (line 753)
17:04:46: High-level program Ogre/Compositor/GlassFP encountered an error during loading and is thus not supported.
OGRE EXCEPTION(6:FileNotFoundException): Cannot locate resource GlassFP.cg in resource group General or any other group. in ResourceGroupManager::openResource at .\src\OgreResourceGroupManager.cpp (line 753)
17:04:46: Parsing script HeatVision.material
17:04:46: OGRE EXCEPTION(6:FileNotFoundException): Cannot locate resource HeatVision.cg in resource group General or any other group. in ResourceGroupManager::openResource at .\src\OgreResourceGroupManager.cpp (line 753)
17:04:46: High-level program Fury/HeatVision/HeatCaster_vp encountered an error during loading and is thus not supported.
OGRE EXCEPTION(6:FileNotFoundException): Cannot locate resource HeatVision.cg in resource group General or any other group. in ResourceGroupManager::openResource at .\src\OgreResourceGroupManager.cpp (line 753)
17:04:46: OGRE EXCEPTION(6:FileNotFoundException): Cannot locate resource HeatVision.cg in resource group General or any other group. in ResourceGroupManager::openResource at .\src\OgreResourceGroupManager.cpp (line 753)
17:04:46: High-level program Fury/HeatVision/HeatCaster_fp encountered an error during loading and is thus not supported.
OGRE EXCEPTION(6:FileNotFoundException): Cannot locate resource HeatVision.cg in resource group General or any other group. in ResourceGroupManager::openResource at .\src\OgreResourceGroupManager.cpp (line 753)
17:04:46: OGRE EXCEPTION(6:FileNotFoundException): Cannot locate resource HeatVision.cg in resource group General or any other group. in ResourceGroupManager::openResource at .\src\OgreResourceGroupManager.cpp (line 753)
17:04:46: High-level program Fury/HeatVision/ColdCaster_vp encountered an error during loading and is thus not supported.
OGRE EXCEPTION(6:FileNotFoundException): Cannot locate resource HeatVision.cg in resource group General or any other group. in ResourceGroupManager::openResource at .\src\OgreResourceGroupManager.cpp (line 753)
17:04:46: OGRE EXCEPTION(6:FileNotFoundException): Cannot locate resource HeatVision.cg in resource group General or any other group. in ResourceGroupManager::openResource at .\src\OgreResourceGroupManager.cpp (line 753)
17:04:46: High-level program Fury/HeatVision/ColdCaster_fp encountered an error during loading and is thus not supported.
OGRE EXCEPTION(6:FileNotFoundException): Cannot locate resource HeatVision.cg in resource group General or any other group. in ResourceGroupManager::openResource at .\src\OgreResourceGroupManager.cpp (line 753)
17:04:46: OGRE EXCEPTION(6:FileNotFoundException): Cannot locate resource HeatVision.cg in resource group General or any other group. in ResourceGroupManager::openResource at .\src\OgreResourceGroupManager.cpp (line 753)
17:04:46: High-level program Fury/HeatVision/LightToHeat_vp encountered an error during loading and is thus not supported.
OGRE EXCEPTION(6:FileNotFoundException): Cannot locate resource HeatVision.cg in resource group General or any other group. in ResourceGroupManager::openResource at .\src\OgreResourceGroupManager.cpp (line 753)
17:04:46: OGRE EXCEPTION(2:InvalidParametersException): Named constants have not been initialised, perhaps a compile error. in GpuProgramParameters::_findNamedConstantDefinition at .\src\OgreGpuProgramParams.cpp (line 1423)
17:04:46: Compiler error: invalid parameters in HeatVision.material(90): setting of constant failed
17:04:46: OGRE EXCEPTION(6:FileNotFoundException): Cannot locate resource HeatVision.cg in resource group General or any other group. in ResourceGroupManager::openResource at .\src\OgreResourceGroupManager.cpp (line 753)
17:04:46: High-level program Fury/HeatVision/LightToHeat_fp encountered an error during loading and is thus not supported.
OGRE EXCEPTION(6:FileNotFoundException): Cannot locate resource HeatVision.cg in resource group General or any other group. in ResourceGroupManager::openResource at .\src\OgreResourceGroupManager.cpp (line 753)
17:04:46: OGRE EXCEPTION(6:FileNotFoundException): Cannot locate resource HeatVision.cg in resource group General or any other group. in ResourceGroupManager::openResource at .\src\OgreResourceGroupManager.cpp (line 753)
17:04:46: High-level program Fury/HeatVision/Blur_vp encountered an error during loading and is thus not supported.
OGRE EXCEPTION(6:FileNotFoundException): Cannot locate resource HeatVision.cg in resource group General or any other group. in ResourceGroupManager::openResource at .\src\OgreResourceGroupManager.cpp (line 753)
17:04:46: OGRE EXCEPTION(2:InvalidParametersException): Named constants have not been initialised, perhaps a compile error. in GpuProgramParameters::_findNamedConstantDefinition at .\src\OgreGpuProgramParams.cpp (line 1423)
17:04:46: Compiler error: invalid parameters in HeatVision.material(168): setting of constant failed
17:04:46: OGRE EXCEPTION(6:FileNotFoundException): Cannot locate resource HeatVision.cg in resource group General or any other group. in ResourceGroupManager::openResource at .\src\OgreResourceGroupManager.cpp (line 753)
17:04:46: High-level program Fury/HeatVision/Blur_fp encountered an error during loading and is thus not supported.
OGRE EXCEPTION(6:FileNotFoundException): Cannot locate resource HeatVision.cg in resource group General or any other group. in ResourceGroupManager::openResource at .\src\OgreResourceGroupManager.cpp (line 753)
17:04:46: Parsing script SCG_build0_base.material
17:04:46: Parsing script SCG_build0_roof_base.material
17:04:46: Parsing script SCG_build1_base.material
17:04:46: Parsing script SCG_build1_roof_base.material
17:04:46: Parsing script SCG_ter.material
17:04:46: Finished parsing scripts for resource group General
17:04:46: Parsing scripts for resource group Internal
17:04:46: Finished parsing scripts for resource group Internal
17:04:46: Texture: target.png: Loading 1 faces(PF_A8R8G8B8,15x15x1) with 3 generated mipmaps from Image. Internal format is PF_A8R8G8B8,15x15x1.
17:04:46: Texture: spot_shadow_fade.png: Loading 1 faces(PF_R8G8B8,128x128x1) with  hardware generated mipmaps from Image. Internal format is PF_X8R8G8B8,128x128x1.
17:04:48: Mesh: Loading cube.mesh.
17:04:48: WARNING: cube.mesh is an older format ([MeshSerializer_v1.30]); you should upgrade it as soon as possible using the OgreMeshUpgrade tool.
17:04:48: Can't assign material 1 - Default to SubEntity of cube0 because this Material does not exist. Have you forgotten to define it in a .material script?
17:04:48: Texture: dkyellow.png: Loading 1 faces(PF_R8G8B8,16x16x1) with  hardware generated mipmaps from Image. Internal format is PF_X8R8G8B8,16x16x1.
17:04:53: DefaultWorkQueue('Root') shutting down on thread 006C0C98.
17:04:53: DefaultWorkQueue('Root')::WorkerFunc - thread 006B49D0 stopped.
17:04:53: DefaultWorkQueue('Root')::WorkerFunc - thread 006B49A0 stopped.
17:04:53: PCZone Factory Type 'ZoneType_Octree' unregistered
17:04:53: PCZone Factory Type 'ZoneType_Terrain' unregistered
17:04:53: Unregistering ResourceManager for type BspLevel
17:04:53: *-*-* OGRE Shutdown
17:04:53: Unregistering ResourceManager for type Compositor
17:04:53: Unregistering ResourceManager for type Font
17:04:53: Unregistering ResourceManager for type Skeleton
17:04:53: Unregistering ResourceManager for type Mesh
17:04:53: Unregistering ResourceManager for type HighLevelGpuProgram
17:04:53: Uninstalling plugin: Portal Connected Zone Scene Manager
17:04:53: Plugin successfully uninstalled
17:04:53: Unloading library Plugins\Plugin_PCZSceneManager.dll
17:04:53: Uninstalling plugin: Octree Zone Factory
17:04:53: Plugin successfully uninstalled
17:04:53: Unloading library Plugins\Plugin_OctreeZone.dll
17:04:53: Uninstalling plugin: OgreOggSound
17:04:53: Plugin successfully uninstalled
17:04:53: Unloading library Plugins\OgreOggSound.dll
17:04:53: Uninstalling plugin: Cg Program Manager
17:04:53: Plugin successfully uninstalled
17:04:53: Unloading library Plugins\Plugin_CgProgramManager.dll
17:04:53: Uninstalling plugin: Octree & Terrain Scene Manager
17:04:53: Plugin successfully uninstalled
17:04:53: Unloading library Plugins\Plugin_OctreeSceneManager.dll
17:04:53: Uninstalling plugin: BSP Scene Manager
17:04:53: Plugin successfully uninstalled
17:04:53: Unloading library Plugins\Plugin_BSPSceneManager.dll
17:04:53: Uninstalling plugin: ParticleFX
17:04:53: Plugin successfully uninstalled
17:04:53: Unloading library Plugins\Plugin_ParticleFX.dll
17:04:53: Uninstalling plugin: D3D9 RenderSystem
17:04:53: D3D9 : Shutting down cleanly.
17:04:53: Unregistering ResourceManager for type Texture
17:04:53: Unregistering ResourceManager for type GpuProgram
17:04:53: D3D9 : Direct3D9 Rendering Subsystem destroyed.
17:04:53: Plugin successfully uninstalled
17:04:53: Unloading library Plugins\RenderSystem_Direct3D9.dll
17:04:53: Uninstalling plugin: GL RenderSystem
17:04:53: *** Stopping Win32GL Subsystem ***
17:04:53: Plugin successfully uninstalled
17:04:53: Unloading library Plugins\RenderSystem_GL.dll
17:04:53: Unregistering ResourceManager for type Material
